-------------------------------------------------------------------------------
Test set: es.uab.tqs.f1_2D.model.MapTest
-------------------------------------------------------------------------------
Tests run: 32, Failures: 1, Errors: 0, Skipped: 0, Time elapsed: 0.170 s <<< FAILURE! -- in es.uab.tqs.f1_2D.model.MapTest
es.uab.tqs.f1_2D.model.MapTest.testIncrementLap -- Time elapsed: 0.010 s <<< FAILURE!
org.opentest4j.AssertionFailedError: expected: <0> but was: <1000>
	at org.junit.jupiter.api.AssertionFailureBuilder.build(AssertionFailureBuilder.java:151)
	at org.junit.jupiter.api.AssertionFailureBuilder.buildAndThrow(AssertionFailureBuilder.java:132)
	at org.junit.jupiter.api.AssertEquals.failNotEqual(AssertEquals.java:197)
	at org.junit.jupiter.api.AssertEquals.assertEquals(AssertEquals.java:166)
	at org.junit.jupiter.api.AssertEquals.assertEquals(AssertEquals.java:161)
	at org.junit.jupiter.api.Assertions.assertEquals(Assertions.java:632)
	at es.uab.tqs.f1_2D.model.MapTest.testIncrementLap(MapTest.java:471)
	at java.base/java.lang.reflect.Method.invoke(Method.java:565)
	at java.base/java.util.ArrayList.forEach(ArrayList.java:1604)
	at java.base/java.util.ArrayList.forEach(ArrayList.java:1604)

