<?xml version="1.0" encoding="UTF-8"?>
<testsuite xmlns:xsi="http://www.w3.org/2001/XMLSchema-instance" xsi:noNamespaceSchemaLocation="https://maven.apache.org/surefire/maven-surefire-plugin/xsd/surefire-test-report-3.0.xsd" version="3.0" name="es.uab.tqs.f1_2D.vista.CarDisplayTest" time="5.687" tests="12" errors="0" skipped="0" failures="0">
  <properties>
[...]
</properties>
  <testcase name="testLoadCarSprite" classname="es.uab.tqs.f1_2D.vista.CarDisplayTest" time="1.933"/>
  <testcase name="testKeyListenerAddsAndRemovesKeys" classname="es.uab.tqs.f1_2D.vista.CarDisplayTest" time="0.31"/>
  <testcase name="testPaintComponentWithSprite" classname="es.uab.tqs.f1_2D.vista.CarDisplayTest" time="0.312"/>
  <testcase name="testMainDoesNotThrow" classname="es.uab.tqs.f1_2D.vista.CarDisplayTest" time="0.65"/>
  <testcase name="testUpdateRaceOffTrackState" classname="es.uab.tqs.f1_2D.vista.CarDisplayTest" time="0.34"/>
  <testcase name="testUpdateRaceInvalidLapState" classname="es.uab.tqs.f1_2D.vista.CarDisplayTest" time="0.335"/>
  <testcase name="testCarDisplayPaintComponentNoSprite" classname="es.uab.tqs.f1_2D.vista.CarDisplayTest" time="0.329"/>
  <testcase name="testCarDisplayNoRecursos" classname="es.uab.tqs.f1_2D.vista.CarDisplayTest" time="0.312"/>
  <testcase name="testCreateGameWindow" classname="es.uab.tqs.f1_2D.vista.CarDisplayTest" time="0.311"/>
  <testcase name="testUpdateRaceResultState" classname="es.uab.tqs.f1_2D.vista.CarDisplayTest" time="0.325"/>
  <testcase name="testUpdateRaceNormalState" classname="es.uab.tqs.f1_2D.vista.CarDisplayTest" time="0.32"/>
  <testcase name="testLoadImage" classname="es.uab.tqs.f1_2D.vista.CarDisplayTest" time="0.204"/>
</testsuite>