<?xml version="1.0" encoding="UTF-8"?>
<testsuite xmlns:xsi="http://www.w3.org/2001/XMLSchema-instance" xsi:noNamespaceSchemaLocation="https://maven.apache.org/surefire/maven-surefire-plugin/xsd/surefire-test-report-3.0.xsd" version="3.0" name="es.uab.tqs.f1_2D.model.MapTest" time="0.17" tests="32" errors="0" skipped="0" failures="1">
  <properties>
[...]
</properties>
  <testcase name="testGetSectorTimeValid(int)[1]" classname="es.uab.tqs.f1_2D.model.MapTest" time="0.04"/>
  <testcase name="testGetSectorTimeValid(int)[2]" classname="es.uab.tqs.f1_2D.model.MapTest" time="0.001"/>
  <testcase name="testGetSectorTimeValid(int)[3]" classname="es.uab.tqs.f1_2D.model.MapTest" time="0.001"/>
  <testcase name="testPassedAllCheckpoints" classname="es.uab.tqs.f1_2D.model.MapTest" time="0.006"/>
  <testcase name="testSum_IndexOutOfBounds" classname="es.uab.tqs.f1_2D.model.MapTest" time="0.005"/>
  <testcase name="testGetRemainingCountdownWhenActive" classname="es.uab.tqs.f1_2D.model.MapTest" time="0.004"/>
  <testcase name="testRaceInitialState" classname="es.uab.tqs.f1_2D.model.MapTest" time="0.001"/>
  <testcase name="testStartRace" classname="es.uab.tqs.f1_2D.model.MapTest" time="0.001"/>
  <testcase name="testGetBestSectorTimeInvalid(int)[1]" classname="es.uab.tqs.f1_2D.model.MapTest" time="0.001"/>
  <testcase name="testGetBestSectorTimeInvalid(int)[2]" classname="es.uab.tqs.f1_2D.model.MapTest" time="0.001"/>
  <testcase name="testGetBestSectorTimeInvalid(int)[3]" classname="es.uab.tqs.f1_2D.model.MapTest" time="0.0"/>
  <testcase name="testCheckpointProgression" classname="es.uab.tqs.f1_2D.model.MapTest" time="0.001"/>
  <testcase name="testRaceSetters" classname="es.uab.tqs.f1_2D.model.MapTest" time="0.001"/>
  <testcase name="testSum_EmptyArray" classname="es.uab.tqs.f1_2D.model.MapTest" time="0.001"/>
  <testcase name="testStartCountdown" classname="es.uab.tqs.f1_2D.model.MapTest" time="0.001"/>
  <testcase name="testSectorRace" classname="es.uab.tqs.f1_2D.model.MapTest" time="0.0"/>
  <testcase name="testGetBestLapTimeFinish" classname="es.uab.tqs.f1_2D.model.MapTest" time="0.0"/>
  <testcase name="testGetBestLapTime" classname="es.uab.tqs.f1_2D.model.MapTest" time="0.0"/>
  <testcase name="testIncrementLap" classname="es.uab.tqs.f1_2D.model.MapTest" time="0.01">
    <failure message="expected: &lt;0&gt; but was: &lt;1000&gt;" type="org.opentest4j.AssertionFailedError"><![CDATA[org.opentest4j.AssertionFailedError: expected: <0> but was: <1000>
	at org.junit.jupiter.api.AssertionFailureBuilder.build(AssertionFailureBuilder.java:151)
	at org.junit.jupiter.api.AssertionFailureBuilder.buildAndThrow(AssertionFailureBuilder.java:132)
	at org.junit.jupiter.api.AssertEquals.failNotEqual(AssertEquals.java:197)
	at org.junit.jupiter.api.AssertEquals.assertEquals(AssertEquals.java:166)
	at org.junit.jupiter.api.AssertEquals.assertEquals(AssertEquals.java:161)
	at org.junit.jupiter.api.Assertions.assertEquals(Assertions.java:632)
	at es.uab.tqs.f1_2D.model.MapTest.testIncrementLap(MapTest.java:471)
	at java.base/java.lang.reflect.Method.invoke(Method.java:565)
	at java.base/java.util.ArrayList.forEach(ArrayList.java:1604)
	at java.base/java.util.ArrayList.forEach(ArrayList.java:1604)
]]></failure>
  </testcase>
  <testcase name="testFinishRace" classname="es.uab.tqs.f1_2D.model.MapTest" time="0.001"/>
  <testcase name="testInitialState" classname="es.uab.tqs.f1_2D.model.MapTest" time="0.001"/>
  <testcase name="testGetSectorTimeInvalid(int)[1]" classname="es.uab.tqs.f1_2D.model.MapTest" time="0.001"/>
  <testcase name="testGetSectorTimeInvalid(int)[2]" classname="es.uab.tqs.f1_2D.model.MapTest" time="0.0"/>
  <testcase name="testGetSectorTimeInvalid(int)[3]" classname="es.uab.tqs.f1_2D.model.MapTest" time="0.001"/>
  <testcase name="testIsRaceComplete" classname="es.uab.tqs.f1_2D.model.MapTest" time="0.001"/>
  <testcase name="testIsCountdownActive" classname="es.uab.tqs.f1_2D.model.MapTest" time="0.001"/>
  <testcase name="resetSectors" classname="es.uab.tqs.f1_2D.model.MapTest" time="0.0"/>
  <testcase name="testIniPassedAllCheckpoints" classname="es.uab.tqs.f1_2D.model.MapTest" time="0.001"/>
  <testcase name="copyCurrentToLastSectors" classname="es.uab.tqs.f1_2D.model.MapTest" time="0.003"/>
  <testcase name="testSector" classname="es.uab.tqs.f1_2D.model.MapTest" time="0.001"/>
  <testcase name="testSum_PartialElements" classname="es.uab.tqs.f1_2D.model.MapTest" time="0.001"/>
  <testcase name="testStateTransitions" classname="es.uab.tqs.f1_2D.model.MapTest" time="0.001"/>
</testsuite>