<?xml version="1.0" encoding="UTF-8"?>
<testsuite xmlns:xsi="http://www.w3.org/2001/XMLSchema-instance" xsi:noNamespaceSchemaLocation="https://maven.apache.org/surefire/maven-surefire-plugin/xsd/surefire-test-report-3.0.xsd" version="3.0" name="es.uab.tqs.f1_2D.model.AICarTest" time="0.23" tests="47" errors="0" skipped="0" failures="0">
  <properties>
[...]
</properties>
  <testcase name="testTurningHardLowerVelocity" classname="es.uab.tqs.f1_2D.model.AICarTest" time="0.0"/>
  <testcase name="testPassedAllCheckpoints" classname="es.uab.tqs.f1_2D.model.AICarTest" time="0.001"/>
  <testcase name="testDistanceCalculation" classname="es.uab.tqs.f1_2D.model.AICarTest" time="0.0"/>
  <testcase name="testNormalizeAngle" classname="es.uab.tqs.f1_2D.model.AICarTest" time="0.0"/>
  <testcase name="testSlipstream(int, double, double, String)[1]" classname="es.uab.tqs.f1_2D.model.AICarTest" time="0.032"/>
  <testcase name="testSlipstream(int, double, double, String)[2]" classname="es.uab.tqs.f1_2D.model.AICarTest" time="0.0"/>
  <testcase name="testSlipstream(int, double, double, String)[3]" classname="es.uab.tqs.f1_2D.model.AICarTest" time="0.0"/>
  <testcase name="testRecordSector" classname="es.uab.tqs.f1_2D.model.AICarTest" time="0.0"/>
  <testcase name="testApplySlipstreamBehind" classname="es.uab.tqs.f1_2D.model.AICarTest" time="0.0"/>
  <testcase name="testNotPassedAllCheckpoints" classname="es.uab.tqs.f1_2D.model.AICarTest" time="0.0"/>
  <testcase name="testAICarSkillLevel(double, double, double)[1]" classname="es.uab.tqs.f1_2D.model.AICarTest" time="0.006"/>
  <testcase name="testAICarSkillLevel(double, double, double)[2]" classname="es.uab.tqs.f1_2D.model.AICarTest" time="0.0"/>
  <testcase name="testAICarSkillLevel(double, double, double)[3]" classname="es.uab.tqs.f1_2D.model.AICarTest" time="0.007"/>
  <testcase name="testAICarSkillLevel(double, double, double)[4]" classname="es.uab.tqs.f1_2D.model.AICarTest" time="0.0"/>
  <testcase name="testAICarSkillLevel(double, double, double)[5]" classname="es.uab.tqs.f1_2D.model.AICarTest" time="0.0"/>
  <testcase name="testAICarSkillLevel(double, double, double)[6]" classname="es.uab.tqs.f1_2D.model.AICarTest" time="0.0"/>
  <testcase name="testAICarSkillLevel(double, double, double)[7]" classname="es.uab.tqs.f1_2D.model.AICarTest" time="0.0"/>
  <testcase name="testAICarSkillLevel(double, double, double)[8]" classname="es.uab.tqs.f1_2D.model.AICarTest" time="0.0"/>
  <testcase name="testAICarSkillLevel(double, double, double)[9]" classname="es.uab.tqs.f1_2D.model.AICarTest" time="0.0"/>
  <testcase name="testCompleteLap" classname="es.uab.tqs.f1_2D.model.AICarTest" time="0.002"/>
  <testcase name="testAICarCreation" classname="es.uab.tqs.f1_2D.model.AICarTest" time="0.0"/>
  <testcase name="testUpdateAIRacingLineEmpty" classname="es.uab.tqs.f1_2D.model.AICarTest" time="0.006"/>
  <testcase name="testUpdateLapTime" classname="es.uab.tqs.f1_2D.model.AICarTest" time="0.002"/>
  <testcase name="testPairwiseCombinations(double, double, double, int, String)[1]" classname="es.uab.tqs.f1_2D.model.AICarTest" time="0.0"/>
  <testcase name="testPairwiseCombinations(double, double, double, int, String)[2]" classname="es.uab.tqs.f1_2D.model.AICarTest" time="0.003"/>
  <testcase name="testPairwiseCombinations(double, double, double, int, String)[3]" classname="es.uab.tqs.f1_2D.model.AICarTest" time="0.0"/>
  <testcase name="testPairwiseCombinations(double, double, double, int, String)[4]" classname="es.uab.tqs.f1_2D.model.AICarTest" time="0.0"/>
  <testcase name="testPairwiseCombinations(double, double, double, int, String)[5]" classname="es.uab.tqs.f1_2D.model.AICarTest" time="0.0"/>
  <testcase name="testPairwiseCombinations(double, double, double, int, String)[6]" classname="es.uab.tqs.f1_2D.model.AICarTest" time="0.002"/>
  <testcase name="testPairwiseCombinations(double, double, double, int, String)[7]" classname="es.uab.tqs.f1_2D.model.AICarTest" time="0.004"/>
  <testcase name="testPairwiseCombinations(double, double, double, int, String)[8]" classname="es.uab.tqs.f1_2D.model.AICarTest" time="0.003"/>
  <testcase name="testAIControllerInitialization" classname="es.uab.tqs.f1_2D.model.AICarTest" time="0.003"/>
  <testcase name="testSlipstreamDetection" classname="es.uab.tqs.f1_2D.model.AICarTest" time="0.0"/>
  <testcase name="testSlipstreamDistanceBoundaries" classname="es.uab.tqs.f1_2D.model.AICarTest" time="0.0"/>
  <testcase name="testSlipstreamLapBoundaries" classname="es.uab.tqs.f1_2D.model.AICarTest" time="0.0"/>
  <testcase name="testSkillLevelBoundaries" classname="es.uab.tqs.f1_2D.model.AICarTest" time="0.0"/>
  <testcase name="testAICarUpdateWithMockCollision" classname="es.uab.tqs.f1_2D.model.AICarTest" time="0.0"/>
  <testcase name="testTeamAndSkillCombinations(String, double, String)[1]" classname="es.uab.tqs.f1_2D.model.AICarTest" time="0.017"/>
  <testcase name="testTeamAndSkillCombinations(String, double, String)[2]" classname="es.uab.tqs.f1_2D.model.AICarTest" time="0.002"/>
  <testcase name="testTeamAndSkillCombinations(String, double, String)[3]" classname="es.uab.tqs.f1_2D.model.AICarTest" time="0.0"/>
  <testcase name="testTeamAndSkillCombinations(String, double, String)[4]" classname="es.uab.tqs.f1_2D.model.AICarTest" time="0.0"/>
  <testcase name="testTeamAndSkillCombinations(String, double, String)[5]" classname="es.uab.tqs.f1_2D.model.AICarTest" time="0.0"/>
  <testcase name="testTeamAndSkillCombinations(String, double, String)[6]" classname="es.uab.tqs.f1_2D.model.AICarTest" time="0.0"/>
  <testcase name="testStartNewLap" classname="es.uab.tqs.f1_2D.model.AICarTest" time="0.0"/>
  <testcase name="testRacingLineResetTargetIndexExceeds" classname="es.uab.tqs.f1_2D.model.AICarTest" time="0.0"/>
  <testcase name="testMapBoundaryBehavior" classname="es.uab.tqs.f1_2D.model.AICarTest" time="0.007"/>
  <testcase name="testTargetSwitchCloseToWaypoint" classname="es.uab.tqs.f1_2D.model.AICarTest" time="0.0"/>
</testsuite>