<?xml version="1.0" encoding="UTF-8"?>
<testsuite xmlns:xsi="http://www.w3.org/2001/XMLSchema-instance" xsi:noNamespaceSchemaLocation="https://maven.apache.org/surefire/maven-surefire-plugin/xsd/surefire-test-report-3.0.xsd" version="3.0" name="es.uab.tqs.f1_2D.vista.OffTrackOverlayTest" time="0.086" tests="3" errors="0" skipped="0" failures="0">
  <properties>
[...]
</properties>
  <testcase name="testShowOverlaySoundTwice" classname="es.uab.tqs.f1_2D.vista.OffTrackOverlayTest" time="0.077">
    <system-err><![CDATA[Error cargando sonido off-track: URL of unsupported format
]]></system-err>
  </testcase>
  <testcase name="testHideOverlay" classname="es.uab.tqs.f1_2D.vista.OffTrackOverlayTest" time="0.003">
    <system-err><![CDATA[Error cargando sonido off-track: URL of unsupported format
]]></system-err>
  </testcase>
  <testcase name="testShowOverlaySound" classname="es.uab.tqs.f1_2D.vista.OffTrackOverlayTest" time="0.003">
    <system-err><![CDATA[Error cargando sonido off-track: URL of unsupported format
]]></system-err>
  </testcase>
</testsuite>