<?xml version="1.0" encoding="UTF-8"?>
<testsuite xmlns:xsi="http://www.w3.org/2001/XMLSchema-instance" xsi:noNamespaceSchemaLocation="https://maven.apache.org/surefire/maven-surefire-plugin/xsd/surefire-test-report-3.0.xsd" version="3.0" name="es.uab.tqs.f1_2D.controlador.MapControllerTest" time="8.43" tests="64" errors="0" skipped="0" failures="0">
  <properties>
[...]
</properties>
  <testcase name="testSumWithinBounds" classname="es.uab.tqs.f1_2D.controlador.MapControllerTest" time="0.005"/>
  <testcase name="testLapNotCompleted" classname="es.uab.tqs.f1_2D.controlador.MapControllerTest" time="0.004"/>
  <testcase name="testRunningToOffTrackTransition" classname="es.uab.tqs.f1_2D.controlador.MapControllerTest" time="0.001"/>
  <testcase name="testResultToRunningTransition" classname="es.uab.tqs.f1_2D.controlador.MapControllerTest" time="3.506"/>
  <testcase name="testGetCountdownTimer" classname="es.uab.tqs.f1_2D.controlador.MapControllerTest" time="0.014"/>
  <testcase name="testInvalidLapRaceMode" classname="es.uab.tqs.f1_2D.controlador.MapControllerTest" time="0.002"/>
  <testcase name="testNoOffTrackFinishLineAllCheckpoints" classname="es.uab.tqs.f1_2D.controlador.MapControllerTest" time="0.0"/>
  <testcase name="testLastSectorRecorded" classname="es.uab.tqs.f1_2D.controlador.MapControllerTest" time="0.0"/>
  <testcase name="testFinishLineBoundaryInside" classname="es.uab.tqs.f1_2D.controlador.MapControllerTest" time="0.0"/>
  <testcase name="testCheckpoint" classname="es.uab.tqs.f1_2D.controlador.MapControllerTest" time="0.004"/>
  <testcase name="testRaceCompletion" classname="es.uab.tqs.f1_2D.controlador.MapControllerTest" time="0.002"/>
  <testcase name="testReset" classname="es.uab.tqs.f1_2D.controlador.MapControllerTest" time="0.0"/>
  <testcase name="testInvalidHandlerTimer" classname="es.uab.tqs.f1_2D.controlador.MapControllerTest" time="0.0"/>
  <testcase name="testSumIndexGreaterThanLength" classname="es.uab.tqs.f1_2D.controlador.MapControllerTest" time="0.0"/>
  <testcase name="testCheckpointBoundaryInside" classname="es.uab.tqs.f1_2D.controlador.MapControllerTest" time="0.003"/>
  <testcase name="testOffTrackRaceNoDoublePenalty" classname="es.uab.tqs.f1_2D.controlador.MapControllerTest" time="0.0"/>
  <testcase name="testCheckpointOffTrackPairwise" classname="es.uab.tqs.f1_2D.controlador.MapControllerTest" time="0.0"/>
  <testcase name="testIncrementLapInRaceMode" classname="es.uab.tqs.f1_2D.controlador.MapControllerTest" time="0.0"/>
  <testcase name="testOffTrackRaceTimerBackRunning" classname="es.uab.tqs.f1_2D.controlador.MapControllerTest" time="0.0"/>
  <testcase name="testPassedAllCheckpointsFalse" classname="es.uab.tqs.f1_2D.controlador.MapControllerTest" time="0.0"/>
  <testcase name="testNoOffTrackCheckpointPosition" classname="es.uab.tqs.f1_2D.controlador.MapControllerTest" time="0.0"/>
  <testcase name="testGetters" classname="es.uab.tqs.f1_2D.controlador.MapControllerTest" time="0.0"/>
  <testcase name="testStopAllTimersVariousTimerStates" classname="es.uab.tqs.f1_2D.controlador.MapControllerTest" time="0.117"/>
  <testcase name="testIdleOffTrackPairwise" classname="es.uab.tqs.f1_2D.controlador.MapControllerTest" time="0.003"/>
  <testcase name="testRunningWithSecondSectorAlreadyRecorded" classname="es.uab.tqs.f1_2D.controlador.MapControllerTest" time="0.0"/>
  <testcase name="testAfterInvalidLapReturnsToRunningInRaceMode" classname="es.uab.tqs.f1_2D.controlador.MapControllerTest" time="4.607"/>
  <testcase name="testCheckpointMock" classname="es.uab.tqs.f1_2D.controlador.MapControllerTest" time="0.086"/>
  <testcase name="testSumIndexZero" classname="es.uab.tqs.f1_2D.controlador.MapControllerTest" time="0.0"/>
  <testcase name="testCarMock" classname="es.uab.tqs.f1_2D.controlador.MapControllerTest" time="0.008"/>
  <testcase name="testPurpleConditionNotTriggered" classname="es.uab.tqs.f1_2D.controlador.MapControllerTest" time="0.0"/>
  <testcase name="testOffTrackStartsPairwise" classname="es.uab.tqs.f1_2D.controlador.MapControllerTest" time="0.0"/>
  <testcase name="testSectorPartitions" classname="es.uab.tqs.f1_2D.controlador.MapControllerTest" time="0.004"/>
  <testcase name="testIdleToRunningTransition" classname="es.uab.tqs.f1_2D.controlador.MapControllerTest" time="0.0"/>
  <testcase name="testOffTrackRacePenalty" classname="es.uab.tqs.f1_2D.controlador.MapControllerTest" time="0.0"/>
  <testcase name="testRunningAtFinishLineCompletesLap" classname="es.uab.tqs.f1_2D.controlador.MapControllerTest" time="0.0"/>
  <testcase name="testPassedAllCheckpointsTrue" classname="es.uab.tqs.f1_2D.controlador.MapControllerTest" time="0.0"/>
  <testcase name="testWorseBestLapTime" classname="es.uab.tqs.f1_2D.controlador.MapControllerTest" time="0.002"/>
  <testcase name="testRegularPosition" classname="es.uab.tqs.f1_2D.controlador.MapControllerTest" time="0.005"/>
  <testcase name="testFinishLineMock" classname="es.uab.tqs.f1_2D.controlador.MapControllerTest" time="0.003"/>
  <testcase name="testQualyModeDoesNotIncrementLap" classname="es.uab.tqs.f1_2D.controlador.MapControllerTest" time="0.0"/>
  <testcase name="testRecordSectorInvalidIndex" classname="es.uab.tqs.f1_2D.controlador.MapControllerTest" time="0.0"/>
  <testcase name="testFinishLineAfterInvalidLap" classname="es.uab.tqs.f1_2D.controlador.MapControllerTest" time="0.0"/>
  <testcase name="testCheckpointBoundaryOutside" classname="es.uab.tqs.f1_2D.controlador.MapControllerTest" time="0.0"/>
  <testcase name="testEnteringSameCheckpoint" classname="es.uab.tqs.f1_2D.controlador.MapControllerTest" time="0.0"/>
  <testcase name="testInvalidateLap" classname="es.uab.tqs.f1_2D.controlador.MapControllerTest" time="0.0"/>
  <testcase name="tesOffTrackNotFinishLine" classname="es.uab.tqs.f1_2D.controlador.MapControllerTest" time="0.002"/>
  <testcase name="testBestLapTime" classname="es.uab.tqs.f1_2D.controlador.MapControllerTest" time="0.004"/>
  <testcase name="testRecordSectorPurpleSet" classname="es.uab.tqs.f1_2D.controlador.MapControllerTest" time="0.0"/>
  <testcase name="testRunningToCompletedTransition" classname="es.uab.tqs.f1_2D.controlador.MapControllerTest" time="0.0"/>
  <testcase name="testCountdownEndsAndRaceStarts" classname="es.uab.tqs.f1_2D.controlador.MapControllerTest" time="0.0"/>
  <testcase name="testOffTrackStopsLap" classname="es.uab.tqs.f1_2D.controlador.MapControllerTest" time="0.0"/>
  <testcase name="testFinishLineOffTrackPairwise" classname="es.uab.tqs.f1_2D.controlador.MapControllerTest" time="0.0"/>
  <testcase name="testStartQualyMode" classname="es.uab.tqs.f1_2D.controlador.MapControllerTest" time="0.0"/>
  <testcase name="testOffTrackAnyPosition" classname="es.uab.tqs.f1_2D.controlador.MapControllerTest" time="0.0"/>
  <testcase name="testUpdatePositionDuringCountdown" classname="es.uab.tqs.f1_2D.controlador.MapControllerTest" time="0.0"/>
  <testcase name="testFinishLineBoundaryOutside" classname="es.uab.tqs.f1_2D.controlador.MapControllerTest" time="0.0"/>
  <testcase name="testUpdatePositionMock" classname="es.uab.tqs.f1_2D.controlador.MapControllerTest" time="0.0"/>
  <testcase name="testEndLapPenalty" classname="es.uab.tqs.f1_2D.controlador.MapControllerTest" time="0.0"/>
  <testcase name="testOffTrackRaceBackRunning" classname="es.uab.tqs.f1_2D.controlador.MapControllerTest" time="0.0"/>
  <testcase name="testIdleStartsLap" classname="es.uab.tqs.f1_2D.controlador.MapControllerTest" time="0.0"/>
  <testcase name="testStartRaceMode" classname="es.uab.tqs.f1_2D.controlador.MapControllerTest" time="0.0"/>
  <testcase name="testLapCompletion" classname="es.uab.tqs.f1_2D.controlador.MapControllerTest" time="0.0"/>
  <testcase name="testStartLap" classname="es.uab.tqs.f1_2D.controlador.MapControllerTest" time="0.0"/>
  <testcase name="testPassedAllCheckpointsFalseSize" classname="es.uab.tqs.f1_2D.controlador.MapControllerTest" time="0.0"/>
</testsuite>