<?xml version="1.0" encoding="UTF-8"?>
<testsuite xmlns:xsi="http://www.w3.org/2001/XMLSchema-instance" xsi:noNamespaceSchemaLocation="https://maven.apache.org/surefire/maven-surefire-plugin/xsd/surefire-test-report-3.0.xsd" version="3.0" name="es.uab.tqs.f1_2D.controlador.CarControllerTest" time="0.522" tests="37" errors="0" skipped="0" failures="0">
  <properties>
[...]
</properties>
  <testcase name="testMockMovement" classname="es.uab.tqs.f1_2D.controlador.CarControllerTest" time="0.435"/>
  <testcase name="testAccelerate" classname="es.uab.tqs.f1_2D.controlador.CarControllerTest" time="0.004"/>
  <testcase name="testMovementAboveRightBoundary" classname="es.uab.tqs.f1_2D.controlador.CarControllerTest" time="0.002"/>
  <testcase name="testVelocityBackwardsMax" classname="es.uab.tqs.f1_2D.controlador.CarControllerTest" time="0.001"/>
  <testcase name="testVelocityMax" classname="es.uab.tqs.f1_2D.controlador.CarControllerTest" time="0.002"/>
  <testcase name="testMockMixedValidInvalidKeys" classname="es.uab.tqs.f1_2D.controlador.CarControllerTest" time="0.002"/>
  <testcase name="testThreeKeysSAD" classname="es.uab.tqs.f1_2D.controlador.CarControllerTest" time="0.008"/>
  <testcase name="testThreeKeysWAD" classname="es.uab.tqs.f1_2D.controlador.CarControllerTest" time="0.001"/>
  <testcase name="testProcessInput" classname="es.uab.tqs.f1_2D.controlador.CarControllerTest" time="0.0"/>
  <testcase name="testNoKey" classname="es.uab.tqs.f1_2D.controlador.CarControllerTest" time="0.0"/>
  <testcase name="testTurnA" classname="es.uab.tqs.f1_2D.controlador.CarControllerTest" time="0.001"/>
  <testcase name="testTurnD" classname="es.uab.tqs.f1_2D.controlador.CarControllerTest" time="0.001"/>
  <testcase name="testMockMultipleValidKeys" classname="es.uab.tqs.f1_2D.controlador.CarControllerTest" time="0.002"/>
  <testcase name="testOppositeKeysWA_SD" classname="es.uab.tqs.f1_2D.controlador.CarControllerTest" time="0.001"/>
  <testcase name="testEdgeMinVelocity" classname="es.uab.tqs.f1_2D.controlador.CarControllerTest" time="0.001"/>
  <testcase name="testPairwiseSA" classname="es.uab.tqs.f1_2D.controlador.CarControllerTest" time="0.001"/>
  <testcase name="testPairwiseSD" classname="es.uab.tqs.f1_2D.controlador.CarControllerTest" time="0.0"/>
  <testcase name="testPairwiseWA" classname="es.uab.tqs.f1_2D.controlador.CarControllerTest" time="0.001"/>
  <testcase name="testPairwiseWD" classname="es.uab.tqs.f1_2D.controlador.CarControllerTest" time="0.001"/>
  <testcase name="testMovementAboveLeftBoundary" classname="es.uab.tqs.f1_2D.controlador.CarControllerTest" time="0.001"/>
  <testcase name="testUpdateMovesCar" classname="es.uab.tqs.f1_2D.controlador.CarControllerTest" time="0.001"/>
  <testcase name="testEdgeMaxVelocity" classname="es.uab.tqs.f1_2D.controlador.CarControllerTest" time="0.001"/>
  <testcase name="testEdgeJustMinVelocity" classname="es.uab.tqs.f1_2D.controlador.CarControllerTest" time="0.0"/>
  <testcase name="testMovementJustLeftBoundary" classname="es.uab.tqs.f1_2D.controlador.CarControllerTest" time="0.0"/>
  <testcase name="testEdgeAboveMinVelocity" classname="es.uab.tqs.f1_2D.controlador.CarControllerTest" time="0.0"/>
  <testcase name="testInvalidKeyDoesNothing" classname="es.uab.tqs.f1_2D.controlador.CarControllerTest" time="0.0"/>
  <testcase name="testTurnRight" classname="es.uab.tqs.f1_2D.controlador.CarControllerTest" time="0.0"/>
  <testcase name="testEdgeJustMaxVelocity" classname="es.uab.tqs.f1_2D.controlador.CarControllerTest" time="0.001"/>
  <testcase name="testTurnLeft" classname="es.uab.tqs.f1_2D.controlador.CarControllerTest" time="0.001"/>
  <testcase name="testMockMovementInvalid" classname="es.uab.tqs.f1_2D.controlador.CarControllerTest" time="0.002"/>
  <testcase name="testEdgeAboveMaxVelocity" classname="es.uab.tqs.f1_2D.controlador.CarControllerTest" time="0.001"/>
  <testcase name="testDecrease" classname="es.uab.tqs.f1_2D.controlador.CarControllerTest" time="0.001"/>
  <testcase name="testProcessMultipleInputsSA" classname="es.uab.tqs.f1_2D.controlador.CarControllerTest" time="0.001"/>
  <testcase name="testProcessMultipleInputsSD" classname="es.uab.tqs.f1_2D.controlador.CarControllerTest" time="0.001"/>
  <testcase name="testProcessMultipleInputsWA" classname="es.uab.tqs.f1_2D.controlador.CarControllerTest" time="0.001"/>
  <testcase name="testProcessMultipleInputsWD" classname="es.uab.tqs.f1_2D.controlador.CarControllerTest" time="0.001"/>
  <testcase name="testMovementJustRightBoundary" classname="es.uab.tqs.f1_2D.controlador.CarControllerTest" time="0.0"/>
</testsuite>